08/01/2024 15:05:24 | T None | --------------------------------------- NEW / REBOOTED ----------------------------------------
08/01/2024 15:05:24 | T None | Added Alternative Times Radio to database
08/01/2024 15:05:24 | T None | Added Coop TIP Rádio to database
08/01/2024 15:05:24 | T None | Added Country Radio to database
08/01/2024 15:05:24 | T None | Added Český rozhlas Brno to database
08/01/2024 15:05:24 | T None | Added Český rozhlas České Budějovice to database
08/01/2024 15:05:24 | T None | Added Český rozhlas D-dur to database
08/01/2024 15:05:24 | T None | Added Český rozhlas Dvojka to database
08/01/2024 15:05:24 | T None | Added Český rozhlas Hradec Králové to database
08/01/2024 15:05:24 | T None | Added Český rozhlas Jazz to database
08/01/2024 15:05:24 | T None | Added Český rozhlas Karlovy Vary to database
08/01/2024 15:05:24 | T None | Added Český rozhlas Liberec to database
08/01/2024 15:05:24 | T None | Added Český rozhlas Olomouc to database
08/01/2024 15:05:25 | T None | Added Český rozhlas Ostrava to database
08/01/2024 15:05:25 | T None | Added Český rozhlas Pardubice to database
08/01/2024 15:05:25 | T None | Added Český rozhlas Plus to database
08/01/2024 15:05:25 | T None | Added Český rozhlas Plzeň to database
08/01/2024 15:05:25 | T None | Added Český rozhlas Pohoda to database
08/01/2024 15:05:25 | T None | Added Český rozhlas Radio DAB Praha to database
08/01/2024 15:05:25 | T None | Added Český rozhlas Radio Wave to database
08/01/2024 15:05:25 | T None | Added Český rozhlas Radiožurnál to database
08/01/2024 15:05:25 | T None | Added Český rozhlas Rádio Junior to database
08/01/2024 15:05:25 | T None | Added Český rozhlas Rádio Junior Písničky to database
08/01/2024 15:05:25 | T None | Added Český rozhlas Region to database
08/01/2024 15:05:25 | T None | Added Český rozhlas Sever to database
08/01/2024 15:05:25 | T None | Added Český rozhlas Vltava to database
08/01/2024 15:05:25 | T None | Added Český rozhlas Vysočina to database
08/01/2024 15:05:25 | T None | Added Český rozhlas Zlín to database
08/01/2024 15:05:25 | T None | Added Dance Club Radio to database
08/01/2024 15:05:25 | T None | Added Drumandbass Radio SHADOWBOX to database
08/01/2024 15:05:25 | T None | Added E-Rádio JAZZINEC to database
08/01/2024 15:05:25 | T None | Added Evropa 2 to database
08/01/2024 15:05:25 | T None | Added Fajn Fresh Radio to database
08/01/2024 15:05:25 | T None | Added Fajn Helax to database
08/01/2024 15:05:25 | T None | Added Fajn Radio to database
08/01/2024 15:05:25 | T None | Added HipHopVibes Radio to database
08/01/2024 15:05:25 | T None | Added Hitrádio City Brno to database
08/01/2024 15:05:25 | T None | Added Hitrádio City 93,7 FM to database
08/01/2024 15:05:25 | T None | Added Hitrádio Contact to database
08/01/2024 15:05:25 | T None | Added Hitrádio Černá Hora to database
08/01/2024 15:05:26 | T None | Added Hitrádio Desítka to database
08/01/2024 15:05:26 | T None | Added Hitrádio Devadesátka to database
08/01/2024 15:05:26 | T None | Added Hitrádio Faktor to database
08/01/2024 15:05:26 | T None | Added Hitrádio FM Plus to database
08/01/2024 15:05:26 | T None | Added Hitrádio Milénium to database
08/01/2024 15:05:26 | T None | Added Hitrádio North Music to database
08/01/2024 15:05:26 | T None | Added Hitrádio Orion to database
08/01/2024 15:05:26 | T None | Added Hitrádio Osmdesátka to database
08/01/2024 15:05:26 | T None | Added Hitrádio PopRock to database
08/01/2024 15:05:26 | T None | Added Hitrádio Vysočina to database
08/01/2024 15:05:26 | T None | Added Hitrádio Zlín to database
08/01/2024 15:05:26 | T None | Added Hitrádio Zóna lásky to database
08/01/2024 15:05:26 | T None | Added Kostka Rádio to database
08/01/2024 15:05:26 | T None | Added Max Rádio Online to database
08/01/2024 15:05:26 | T None | Added Oldies radio to database
08/01/2024 15:05:26 | T None | Added Radio 1 to database
08/01/2024 15:05:26 | T None | Added Radio 66 to database
08/01/2024 15:05:26 | T None | Added Radio Beat to database
08/01/2024 15:05:26 | T None | Added Radio Best of Rock to database
08/01/2024 15:05:26 | T None | Added Radio Chillout to database
08/01/2024 15:05:26 | T None | Added Radio Depeche Mode to database
08/01/2024 15:05:26 | T None | Added Radio Domino to database
08/01/2024 15:05:26 | T None | Added Radio Expert to database
08/01/2024 15:05:26 | T None | Added Radio Folk to database
08/01/2024 15:05:26 | T None | Added Radio Kiss to database
08/01/2024 15:05:26 | T None | Added Radio Oldies Rock to database
08/01/2024 15:05:26 | T None | Added Radio Prague International to database
08/01/2024 15:05:26 | T None | Added Radio Spin 96,2 FM to database
08/01/2024 15:05:27 | T None | Added Radiožurnál Sport to database
08/01/2024 15:05:27 | T None | Added Rádio Benešov City to database
08/01/2024 15:05:27 | T None | Added Rádio BLANÍK to database
08/01/2024 15:05:27 | T None | Added Rádio BLANÍK CZ to database
08/01/2024 15:05:27 | T None | Added Rádio BLANÍK - Morava a Slezsko to database
08/01/2024 15:05:27 | T None | Added Rádio BOHEMIA to database
08/01/2024 15:05:27 | T None | Added Rádio BojlerRoom to database
08/01/2024 15:05:27 | T None | Added Rádio Humor to database
08/01/2024 15:05:27 | T None | Added Rádio In to database
08/01/2024 15:05:27 | T None | Added Rádio Kamina Boat to database
08/01/2024 15:05:27 | T None | Added Rádio Kašpar to database
08/01/2024 15:05:27 | T None | Added Rádio MB to database
08/01/2024 15:05:27 | T None | Added Rádio O 106 to database
08/01/2024 15:05:27 | T None | Added Rádio Pohádka to database
08/01/2024 15:05:27 | T None | Added Rádio Ponte Records to database
08/01/2024 15:05:27 | T None | Added Rádio Povídka to database
08/01/2024 15:05:27 | T None | Added Rádio Rohozec to database
08/01/2024 15:05:27 | T None | Added Rádio Svit Zlín to database
08/01/2024 15:05:27 | T None | Added Rádio Tloskov to database
08/01/2024 15:05:27 | T None | Added Rádio Ukrajina to database
08/01/2024 15:05:27 | T None | Added Rádio Vratislavice to database
08/01/2024 15:05:27 | T None | Added Rádio VYŠŠÍ HLAS to database
08/01/2024 15:05:27 | T None | Added Relaxace - Jedoucí Vlak to database
08/01/2024 15:05:27 | T None | Added Relaxace - Letní bouřka to database
08/01/2024 15:05:27 | T None | Added Relaxace - Moře to database
08/01/2024 15:05:27 | T None | Added Relaxace - Oheň v krbu to database
08/01/2024 15:05:27 | T None | Added Relaxace - Zpěv ptáků to database
08/01/2024 15:05:27 | T None | Added RETRO DJ Rádio to database
08/01/2024 15:05:28 | T None | Added Rock Radio to database
08/01/2024 15:05:28 | T None | Added Rock Radio České Budějovice to database
08/01/2024 15:05:28 | T None | Added Rock Radio Morava to database
08/01/2024 15:05:28 | T None | Added Rock rádio – Alternative Rock to database
08/01/2024 15:05:28 | T None | Added Rock rádio – CZ Rock to database
08/01/2024 15:05:28 | T None | Added Rock rádio - Hard and Heavy to database
08/01/2024 15:05:28 | T None | Added Roma Rádio to database
08/01/2024 15:05:28 | T None | Added Signál Rádio to database
08/01/2024 15:05:28 | T None | Added WebRádio Epigon to database
08/01/2024 15:05:28 | T None | Added ZUN Rádio to database
08/01/2024 15:05:28 | T None | Loaded radio.json
08/01/2024 15:05:28 | T None | Loaded languages.json
08/01/2024 15:05:28 | T None | Discord API initialized
08/01/2024 15:05:28 | T None | Spotify API initialized
08/01/2024 15:05:28 | T None | SoundCloud API initialized
08/01/2024 15:05:28 | T None | IPC server is running on 127.0.0.1:5421
08/01/2024 15:05:32 | T None | Trying to sync commands
08/01/2024 15:05:34 | T None | Synced slash commands for Linx#2568
08/01/2024 15:05:34 | T None | Logged in as:
Linx
1193532047059325058
08/01/2024 15:05:34 | T None | Discovered a New guild: 865910869844951040 = Met's Code Heaven! -> Added to Database
08/01/2024 15:05:34 | T None | Discovered a New guild: 931418183192174632 = Tomo᯽Café -> Added to Database
08/01/2024 15:05:34 | T None | Discovered a New guild: 969491873196560406 = Captain_Zex's server -> Added to Database
08/01/2024 15:06:20 | C 969491873196560406 | Command (help) was requested by (melyse_) -> [None, None, None, None]
08/01/2024 15:06:37 | C 969491873196560406 | Command (help) was requested by (melyse_) -> [None, None, None, None]
08/01/2024 15:07:02 | E 969491873196560406 | Error for (melyse_) -> (ps) with error (effect_number is a required argument that is missing.)
Traceback (most recent call last):
  File "/home/codespace/.local/lib/python3.10/site-packages/discord/ext/commands/bot.py", line 1350, in invoke
    await ctx.command.invoke(ctx)
  File "/home/codespace/.local/lib/python3.10/site-packages/discord/ext/commands/core.py", line 1021, in invoke
    await self.prepare(ctx)
  File "/home/codespace/.local/lib/python3.10/site-packages/discord/ext/commands/core.py", line 938, in prepare
    await self._parse_arguments(ctx)
  File "/home/codespace/.local/lib/python3.10/site-packages/discord/ext/commands/hybrid.py", line 531, in _parse_arguments
    return await super()._parse_arguments(ctx)
  File "/home/codespace/.local/lib/python3.10/site-packages/discord/ext/commands/core.py", line 845, in _parse_arguments
    transformed = await self.transform(ctx, param, attachments)
  File "/home/codespace/.local/lib/python3.10/site-packages/discord/ext/commands/core.py", line 697, in transform
    raise MissingRequiredArgument(param)
discord.ext.commands.errors.MissingRequiredArgument: effect_number is a required argument that is missing.
 -> None
08/01/2024 15:07:12 | C 969491873196560406 | Command (join) was requested by (melyse_) -> [None]
08/01/2024 15:07:12 | F 969491873196560406 | join_def -> [None, False]
08/01/2024 15:07:38 | E 969491873196560406 | Error for (melyse_) -> (play) with error (love is not a recognised boolean option)
Traceback (most recent call last):
  File "/home/codespace/.local/lib/python3.10/site-packages/discord/ext/commands/bot.py", line 1350, in invoke
    await ctx.command.invoke(ctx)
  File "/home/codespace/.local/lib/python3.10/site-packages/discord/ext/commands/core.py", line 1021, in invoke
    await self.prepare(ctx)
  File "/home/codespace/.local/lib/python3.10/site-packages/discord/ext/commands/core.py", line 938, in prepare
    await self._parse_arguments(ctx)
  File "/home/codespace/.local/lib/python3.10/site-packages/discord/ext/commands/hybrid.py", line 531, in _parse_arguments
    return await super()._parse_arguments(ctx)
  File "/home/codespace/.local/lib/python3.10/site-packages/discord/ext/commands/core.py", line 845, in _parse_arguments
    transformed = await self.transform(ctx, param, attachments)
  File "/home/codespace/.local/lib/python3.10/site-packages/discord/ext/commands/core.py", line 715, in transform
    return await run_converters(ctx, converter, argument, param)  # type: ignore
  File "/home/codespace/.local/lib/python3.10/site-packages/discord/ext/commands/converter.py", line 1355, in run_converters
    return await _actual_conversion(ctx, converter, argument, param)
  File "/home/codespace/.local/lib/python3.10/site-packages/discord/ext/commands/converter.py", line 1222, in _actual_conversion
    return _convert_to_bool(argument)
  File "/home/codespace/.local/lib/python3.10/site-packages/discord/ext/commands/converter.py", line 1185, in _convert_to_bool
    raise BadBoolArgument(lowered)
discord.ext.commands.errors.BadBoolArgument: love is not a recognised boolean option
 -> None
08/01/2024 15:07:46 | C 969491873196560406 | Command (join) was requested by (melyse_) -> [None]
08/01/2024 15:07:46 | F 969491873196560406 | join_def -> [None, False]
08/01/2024 15:07:57 | E 969491873196560406 | Error for (melyse_) -> (play) with error (love is not a recognised boolean option)
Traceback (most recent call last):
  File "/home/codespace/.local/lib/python3.10/site-packages/discord/ext/commands/bot.py", line 1350, in invoke
    await ctx.command.invoke(ctx)
  File "/home/codespace/.local/lib/python3.10/site-packages/discord/ext/commands/core.py", line 1021, in invoke
    await self.prepare(ctx)
  File "/home/codespace/.local/lib/python3.10/site-packages/discord/ext/commands/core.py", line 938, in prepare
    await self._parse_arguments(ctx)
  File "/home/codespace/.local/lib/python3.10/site-packages/discord/ext/commands/hybrid.py", line 531, in _parse_arguments
    return await super()._parse_arguments(ctx)
  File "/home/codespace/.local/lib/python3.10/site-packages/discord/ext/commands/core.py", line 845, in _parse_arguments
    transformed = await self.transform(ctx, param, attachments)
  File "/home/codespace/.local/lib/python3.10/site-packages/discord/ext/commands/core.py", line 715, in transform
    return await run_converters(ctx, converter, argument, param)  # type: ignore
  File "/home/codespace/.local/lib/python3.10/site-packages/discord/ext/commands/converter.py", line 1355, in run_converters
    return await _actual_conversion(ctx, converter, argument, param)
  File "/home/codespace/.local/lib/python3.10/site-packages/discord/ext/commands/converter.py", line 1222, in _actual_conversion
    return _convert_to_bool(argument)
  File "/home/codespace/.local/lib/python3.10/site-packages/discord/ext/commands/converter.py", line 1185, in _convert_to_bool
    raise BadBoolArgument(lowered)
discord.ext.commands.errors.BadBoolArgument: love is not a recognised boolean option
 -> None
08/01/2024 15:09:12 | C 969491873196560406 | Command (play) was requested by (melyse_) -> ['https://www.youtube.com/watch?v=CdXesX6mYUE', False]
08/01/2024 15:09:12 | F 969491873196560406 | play_def -> ['https://www.youtube.com/watch?v=CdXesX6mYUE', False, False, False]
08/01/2024 15:09:12 | F 969491873196560406 | queue_command_def -> {'ctx': <discord.ext.commands.context.Context object at 0x7fab33888250>, 'glob': <utils.global_vars.GlobalVars object at 0x7fab33c09b10>, 'url': 'https://www.youtube.com/watch?v=CdXesX6mYUE', 'position': 0, 'mute_response': True, 'force': True, 'from_play': True, 'probe_data': None, 'no_search': False, 'ephemeral': False}
08/01/2024 15:09:15 | T 969491873196560406 | ------------------------------- play -------------------------
08/01/2024 15:09:15 | T 969491873196560406 | Traceback (most recent call last):
  File "/workspaces/nicholas_the_7th/commands/player.py", line 146, in play_def
    source, chapters = await GetSource.create_source(glob, guild_id, video.url, source_type=video.class_type, video_class=video)
  File "/workspaces/nicholas_the_7th/utils/source.py", line 107, in create_source
    return cls(glob, guild_id, discord.FFmpegPCMAudio(url, **source_ffmpeg_options)), chapters
  File "/home/codespace/.local/lib/python3.10/site-packages/discord/player.py", line 290, in __init__
    super().__init__(source, executable=executable, args=args, **subprocess_kwargs)
  File "/home/codespace/.local/lib/python3.10/site-packages/discord/player.py", line 166, in __init__
    self._process = self._spawn_process(args, **kwargs)
  File "/home/codespace/.local/lib/python3.10/site-packages/discord/player.py", line 183, in _spawn_process
    raise ClientException(executable + ' was not found.') from None
discord.errors.ClientException: ffmpeg was not found.

08/01/2024 15:09:15 | T 969491873196560406 | --------------------------------------------------------------
08/01/2024 15:10:42 | T None | --------------------------------------- NEW / REBOOTED ----------------------------------------
08/01/2024 15:10:42 | T None | Loaded radio.json
08/01/2024 15:10:42 | T None | Loaded languages.json
08/01/2024 15:10:42 | T None | Discord API initialized
08/01/2024 15:10:42 | T None | Spotify API initialized
08/01/2024 15:10:42 | T None | SoundCloud API initialized
08/01/2024 15:10:42 | T None | IPC server is running on 127.0.0.1:5421
08/01/2024 15:10:46 | T None | Trying to sync commands
08/01/2024 15:10:46 | T None | Synced slash commands for Linx#2568
08/01/2024 15:10:46 | T None | Logged in as:
Linx
1193532047059325058
08/01/2024 15:11:02 | C 969491873196560406 | Command (play) was requested by (melyse_) -> ['https://www.youtube.com/watch?v=CdXesX6mYUE', False]
08/01/2024 15:11:02 | F 969491873196560406 | play_def -> ['https://www.youtube.com/watch?v=CdXesX6mYUE', False, False, False]
08/01/2024 15:11:02 | E 969491873196560406 | Error for (melyse_) -> (play) with error (Command raised an exception: AttributeError: 'NoneType' object has no attribute 'response')
Traceback (most recent call last):
  File "/home/codespace/.local/lib/python3.10/site-packages/discord/ext/commands/core.py", line 235, in wrapped
    ret = await coro(*args, **kwargs)
  File "/workspaces/nicholas_the_7th/main.py", line 395, in play
    await play_def(ctx, glob, url, force)
  File "/workspaces/nicholas_the_7th/commands/player.py", line 58, in play_def
    if not ctx.interaction.response.is_done():
AttributeError: 'NoneType' object has no attribute 'response'

The above exception was the direct cause of the following exception:

Traceback (most recent call last):
  File "/home/codespace/.local/lib/python3.10/site-packages/discord/ext/commands/bot.py", line 1350, in invoke
    await ctx.command.invoke(ctx)
  File "/home/codespace/.local/lib/python3.10/site-packages/discord/ext/commands/core.py", line 1029, in invoke
    await injected(*ctx.args, **ctx.kwargs)  # type: ignore
  File "/home/codespace/.local/lib/python3.10/site-packages/discord/ext/commands/core.py", line 244, in wrapped
    raise CommandInvokeError(exc) from exc
discord.ext.commands.errors.CommandInvokeError: Command raised an exception: AttributeError: 'NoneType' object has no attribute 'response'
 -> None
08/01/2024 15:11:37 | T 969491873196560406 | -->> Cleared Queue after bot Disconnected <<--
08/01/2024 15:11:39 | C 969491873196560406 | Command (play) was requested by (melyse_) -> ['https://www.youtube.com/watch?v=CdXesX6mYUE', True]
08/01/2024 15:11:39 | F 969491873196560406 | play_def -> ['https://www.youtube.com/watch?v=CdXesX6mYUE', True, False, False]
08/01/2024 15:11:40 | F 969491873196560406 | queue_command_def -> {'ctx': <discord.ext.commands.context.Context object at 0x7fa5fb6d2ef0>, 'glob': <utils.global_vars.GlobalVars object at 0x7fa5fb7dd1b0>, 'url': 'https://www.youtube.com/watch?v=CdXesX6mYUE', 'position': 0, 'mute_response': True, 'force': True, 'from_play': True, 'probe_data': None, 'no_search': False, 'ephemeral': False}
08/01/2024 15:11:40 | F 969491873196560406 | join_def -> [None, True]
08/01/2024 15:11:43 | T 969491873196560406 | ------------------------------- play -------------------------
08/01/2024 15:11:43 | T 969491873196560406 | Traceback (most recent call last):
  File "/workspaces/nicholas_the_7th/commands/player.py", line 146, in play_def
    source, chapters = await GetSource.create_source(glob, guild_id, video.url, source_type=video.class_type, video_class=video)
  File "/workspaces/nicholas_the_7th/utils/source.py", line 107, in create_source
    return cls(glob, guild_id, discord.FFmpegPCMAudio(url, **source_ffmpeg_options)), chapters
  File "/home/codespace/.local/lib/python3.10/site-packages/discord/player.py", line 290, in __init__
    super().__init__(source, executable=executable, args=args, **subprocess_kwargs)
  File "/home/codespace/.local/lib/python3.10/site-packages/discord/player.py", line 166, in __init__
    self._process = self._spawn_process(args, **kwargs)
  File "/home/codespace/.local/lib/python3.10/site-packages/discord/player.py", line 183, in _spawn_process
    raise ClientException(executable + ' was not found.') from None
discord.errors.ClientException: ffmpeg was not found.

08/01/2024 15:11:43 | T 969491873196560406 | --------------------------------------------------------------
08/01/2024 15:12:28 | T None | --------------------------------------- NEW / REBOOTED ----------------------------------------
08/01/2024 15:12:28 | T None | Loaded radio.json
08/01/2024 15:12:28 | T None | Loaded languages.json
08/01/2024 15:12:28 | T None | Discord API initialized
08/01/2024 15:12:28 | T None | Spotify API initialized
08/01/2024 15:12:28 | T None | SoundCloud API initialized
08/01/2024 15:12:28 | T None | IPC server is running on 127.0.0.1:5421
08/01/2024 15:12:32 | T None | Trying to sync commands
08/01/2024 15:12:33 | T None | Synced slash commands for Linx#2568
08/01/2024 15:12:33 | T None | Logged in as:
Linx
1193532047059325058
08/01/2024 15:12:45 | C 969491873196560406 | Command (play) was requested by (melyse_) -> ['https://www.youtube.com/watch?v=CdXesX6mYUE', False]
08/01/2024 15:12:45 | F 969491873196560406 | play_def -> ['https://www.youtube.com/watch?v=CdXesX6mYUE', False, False, False]
08/01/2024 15:12:46 | F 969491873196560406 | queue_command_def -> {'ctx': <discord.ext.commands.context.Context object at 0x7f9f0d1f9ea0>, 'glob': <utils.global_vars.GlobalVars object at 0x7f9f0d2fd210>, 'url': 'https://www.youtube.com/watch?v=CdXesX6mYUE', 'position': None, 'mute_response': True, 'force': False, 'from_play': True, 'probe_data': None, 'no_search': False, 'ephemeral': False}
08/01/2024 15:12:46 | F 969491873196560406 | join_def -> [None, True]
08/01/2024 15:12:49 | T 969491873196560406 | ------------------------------- play -------------------------
08/01/2024 15:12:49 | T 969491873196560406 | Traceback (most recent call last):
  File "/workspaces/nicholas_the_7th/commands/player.py", line 146, in play_def
    source, chapters = await GetSource.create_source(glob, guild_id, video.url, source_type=video.class_type, video_class=video)
  File "/workspaces/nicholas_the_7th/utils/source.py", line 107, in create_source
    return cls(glob, guild_id, discord.FFmpegPCMAudio(url, **source_ffmpeg_options)), chapters
  File "/home/codespace/.local/lib/python3.10/site-packages/discord/player.py", line 290, in __init__
    super().__init__(source, executable=executable, args=args, **subprocess_kwargs)
  File "/home/codespace/.local/lib/python3.10/site-packages/discord/player.py", line 166, in __init__
    self._process = self._spawn_process(args, **kwargs)
  File "/home/codespace/.local/lib/python3.10/site-packages/discord/player.py", line 183, in _spawn_process
    raise ClientException(executable + ' was not found.') from None
discord.errors.ClientException: ffmpeg was not found.

08/01/2024 15:12:49 | T 969491873196560406 | --------------------------------------------------------------
08/01/2024 15:12:53 | T 969491873196560406 | -->> Disconnecting when last person left -> Queue Cleared <<--
08/01/2024 15:12:54 | T 969491873196560406 | -->> Cleared Queue after bot Disconnected <<--
08/01/2024 15:13:25 | C 931418183192174632 | Command (play) was requested by (metro_plex) -> ['https://www.youtube.com/watch?v=CdXesX6mYUE', False]
08/01/2024 15:13:25 | F 931418183192174632 | play_def -> ['https://www.youtube.com/watch?v=CdXesX6mYUE', False, False, False]
08/01/2024 15:13:26 | F 931418183192174632 | queue_command_def -> {'ctx': <discord.ext.commands.context.Context object at 0x7f9f0d34beb0>, 'glob': <utils.global_vars.GlobalVars object at 0x7f9f0d2fd210>, 'url': 'https://www.youtube.com/watch?v=CdXesX6mYUE', 'position': None, 'mute_response': True, 'force': False, 'from_play': True, 'probe_data': None, 'no_search': False, 'ephemeral': False}
08/01/2024 15:13:26 | F 931418183192174632 | join_def -> [None, True]
08/01/2024 15:13:28 | T 931418183192174632 | ------------------------------- play -------------------------
08/01/2024 15:13:28 | T 931418183192174632 | Traceback (most recent call last):
  File "/workspaces/nicholas_the_7th/commands/player.py", line 146, in play_def
    source, chapters = await GetSource.create_source(glob, guild_id, video.url, source_type=video.class_type, video_class=video)
  File "/workspaces/nicholas_the_7th/utils/source.py", line 107, in create_source
    return cls(glob, guild_id, discord.FFmpegPCMAudio(url, **source_ffmpeg_options)), chapters
  File "/home/codespace/.local/lib/python3.10/site-packages/discord/player.py", line 290, in __init__
    super().__init__(source, executable=executable, args=args, **subprocess_kwargs)
  File "/home/codespace/.local/lib/python3.10/site-packages/discord/player.py", line 166, in __init__
    self._process = self._spawn_process(args, **kwargs)
  File "/home/codespace/.local/lib/python3.10/site-packages/discord/player.py", line 183, in _spawn_process
    raise ClientException(executable + ' was not found.') from None
discord.errors.ClientException: ffmpeg was not found.

08/01/2024 15:13:28 | T 931418183192174632 | --------------------------------------------------------------
08/01/2024 15:14:21 | C 931418183192174632 | Command (play) was requested by (metro_plex) -> ['https://www.youtube.com/watch?v=CdXesX6mYUE', True]
08/01/2024 15:14:21 | F 931418183192174632 | play_def -> ['https://www.youtube.com/watch?v=CdXesX6mYUE', True, False, False]
08/01/2024 15:14:22 | F 931418183192174632 | queue_command_def -> {'ctx': <discord.ext.commands.context.Context object at 0x7f9f0d0d4070>, 'glob': <utils.global_vars.GlobalVars object at 0x7f9f0d2fd210>, 'url': 'https://www.youtube.com/watch?v=CdXesX6mYUE', 'position': 0, 'mute_response': True, 'force': True, 'from_play': True, 'probe_data': None, 'no_search': False, 'ephemeral': False}
08/01/2024 15:14:24 | T 931418183192174632 | ------------------------------- play -------------------------
08/01/2024 15:14:24 | T 931418183192174632 | Traceback (most recent call last):
  File "/workspaces/nicholas_the_7th/commands/player.py", line 146, in play_def
    source, chapters = await GetSource.create_source(glob, guild_id, video.url, source_type=video.class_type, video_class=video)
  File "/workspaces/nicholas_the_7th/utils/source.py", line 107, in create_source
    return cls(glob, guild_id, discord.FFmpegPCMAudio(url, **source_ffmpeg_options)), chapters
  File "/home/codespace/.local/lib/python3.10/site-packages/discord/player.py", line 290, in __init__
    super().__init__(source, executable=executable, args=args, **subprocess_kwargs)
  File "/home/codespace/.local/lib/python3.10/site-packages/discord/player.py", line 166, in __init__
    self._process = self._spawn_process(args, **kwargs)
  File "/home/codespace/.local/lib/python3.10/site-packages/discord/player.py", line 183, in _spawn_process
    raise ClientException(executable + ' was not found.') from None
discord.errors.ClientException: ffmpeg was not found.

08/01/2024 15:14:24 | T 931418183192174632 | --------------------------------------------------------------
08/01/2024 15:14:36 | T 931418183192174632 | -->> Disconnecting when last person left -> Queue Cleared <<--
08/01/2024 15:14:36 | T 931418183192174632 | -->> Cleared Queue after bot Disconnected <<--
08/01/2024 15:24:39 | T None | --------------------------------------- NEW / REBOOTED ----------------------------------------
08/01/2024 15:24:39 | T None | Loaded radio.json
08/01/2024 15:24:39 | T None | Loaded languages.json
08/01/2024 15:24:39 | T None | Discord API initialized
08/01/2024 15:24:39 | T None | Spotify API initialized
08/01/2024 15:24:39 | T None | SoundCloud API initialized
08/01/2024 15:24:39 | T None | IPC server is running on 127.0.0.1:5421
08/01/2024 15:24:42 | T None | Trying to sync commands
08/01/2024 15:24:43 | T None | Synced slash commands for Linx#2568
08/01/2024 15:24:43 | T None | Logged in as:
Linx
1193532047059325058
08/01/2024 15:24:55 | C 931418183192174632 | Command (join) was requested by (metro_plex) -> [None]
08/01/2024 15:24:55 | F 931418183192174632 | join_def -> [None, False]
08/01/2024 15:26:27 | C 931418183192174632 | Command (play) was requested by (metro_plex) -> ['https://www.youtube.com/watch?v=CdXesX6mYUE', False]
08/01/2024 15:26:27 | F 931418183192174632 | play_def -> ['https://www.youtube.com/watch?v=CdXesX6mYUE', False, False, False]
08/01/2024 15:26:28 | F 931418183192174632 | queue_command_def -> {'ctx': <discord.ext.commands.context.Context object at 0x7f49094e0910>, 'glob': <utils.global_vars.GlobalVars object at 0x7f4909595630>, 'url': 'https://www.youtube.com/watch?v=CdXesX6mYUE', 'position': 0, 'mute_response': True, 'force': True, 'from_play': True, 'probe_data': None, 'no_search': False, 'ephemeral': False}
08/01/2024 15:26:31 | T 931418183192174632 | ------------------------------- play -------------------------
08/01/2024 15:26:31 | T 931418183192174632 | Traceback (most recent call last):
  File "/workspaces/nicholas_the_7th/commands/player.py", line 146, in play_def
    source, chapters = await GetSource.create_source(glob, guild_id, video.url, source_type=video.class_type, video_class=video)
  File "/workspaces/nicholas_the_7th/utils/source.py", line 107, in create_source
    return cls(glob, guild_id, discord.FFmpegPCMAudio(url, **source_ffmpeg_options)), chapters
  File "/home/codespace/.local/lib/python3.10/site-packages/discord/player.py", line 290, in __init__
    super().__init__(source, executable=executable, args=args, **subprocess_kwargs)
  File "/home/codespace/.local/lib/python3.10/site-packages/discord/player.py", line 166, in __init__
    self._process = self._spawn_process(args, **kwargs)
  File "/home/codespace/.local/lib/python3.10/site-packages/discord/player.py", line 183, in _spawn_process
    raise ClientException(executable + ' was not found.') from None
discord.errors.ClientException: ffmpeg was not found.

08/01/2024 15:26:31 | T 931418183192174632 | --------------------------------------------------------------
08/01/2024 15:35:01 | T None | --------------------------------------- NEW / REBOOTED ----------------------------------------
08/01/2024 15:35:01 | T None | Loaded radio.json
08/01/2024 15:35:01 | T None | Loaded languages.json
08/01/2024 15:35:01 | T None | Discord API initialized
08/01/2024 15:35:01 | T None | Spotify API initialized
08/01/2024 15:35:01 | T None | SoundCloud API initialized
08/01/2024 15:35:01 | T None | IPC server is running on 127.0.0.1:5421
08/01/2024 15:35:05 | T None | Trying to sync commands
08/01/2024 15:35:06 | T None | Synced slash commands for Linx#2568
08/01/2024 15:35:06 | T None | Logged in as:
Linx
1193532047059325058
08/01/2024 15:35:19 | C 931418183192174632 | Command (join) was requested by (metro_plex) -> [None]
08/01/2024 15:35:19 | F 931418183192174632 | join_def -> [None, False]
08/01/2024 15:35:41 | C 931418183192174632 | Command (play) was requested by (metro_plex) -> ['https://www.youtube.com/watch?v=CdXesX6mYUE', False]
08/01/2024 15:35:41 | F 931418183192174632 | play_def -> ['https://www.youtube.com/watch?v=CdXesX6mYUE', False, False, False]
08/01/2024 15:35:42 | F 931418183192174632 | queue_command_def -> {'ctx': <discord.ext.commands.context.Context object at 0x7f9905373c70>, 'glob': <utils.global_vars.GlobalVars object at 0x7f99054390c0>, 'url': 'https://www.youtube.com/watch?v=CdXesX6mYUE', 'position': 0, 'mute_response': True, 'force': True, 'from_play': True, 'probe_data': None, 'no_search': False, 'ephemeral': False}
08/01/2024 15:35:45 | F 931418183192174632 | volume_command_def -> [100.0, False, True]
08/01/2024 15:37:06 | C 931418183192174632 | Command (play) was requested by (metro_plex) -> ['step', True]
08/01/2024 15:37:06 | F 931418183192174632 | play_def -> ['step', True, False, False]
08/01/2024 15:37:06 | E 931418183192174632 | Error for (metro_plex) -> (play) with error (Command raised an exception: AttributeError: 'NoneType' object has no attribute 'response')
Traceback (most recent call last):
  File "/home/codespace/.local/lib/python3.10/site-packages/discord/ext/commands/core.py", line 235, in wrapped
    ret = await coro(*args, **kwargs)
  File "/workspaces/nicholas_the_7th/main.py", line 396, in play
    await play_def(ctx, glob, url, force)
  File "/workspaces/nicholas_the_7th/commands/player.py", line 58, in play_def
    if not ctx.interaction.response.is_done():
AttributeError: 'NoneType' object has no attribute 'response'

The above exception was the direct cause of the following exception:

Traceback (most recent call last):
  File "/home/codespace/.local/lib/python3.10/site-packages/discord/ext/commands/bot.py", line 1350, in invoke
    await ctx.command.invoke(ctx)
  File "/home/codespace/.local/lib/python3.10/site-packages/discord/ext/commands/core.py", line 1029, in invoke
    await injected(*ctx.args, **ctx.kwargs)  # type: ignore
  File "/home/codespace/.local/lib/python3.10/site-packages/discord/ext/commands/core.py", line 244, in wrapped
    raise CommandInvokeError(exc) from exc
discord.ext.commands.errors.CommandInvokeError: Command raised an exception: AttributeError: 'NoneType' object has no attribute 'response'
 -> None
08/01/2024 15:37:25 | C 931418183192174632 | Command (nowplaying) was requested by (metro_plex) -> [False]
08/01/2024 15:37:25 | F 931418183192174632 | now_def -> [False]
08/01/2024 15:39:00 | C 931418183192174632 | Command (play) was requested by (metro_plex) -> ['https://www.youtube.com/watch?v=2rKT848ydEQ', False]
08/01/2024 15:39:00 | F 931418183192174632 | play_def -> ['https://www.youtube.com/watch?v=2rKT848ydEQ', False, False, False]
08/01/2024 15:39:01 | F 931418183192174632 | queue_command_def -> {'ctx': <discord.ext.commands.context.Context object at 0x7f99043b7850>, 'glob': <utils.global_vars.GlobalVars object at 0x7f99054390c0>, 'url': 'https://www.youtube.com/watch?v=2rKT848ydEQ', 'position': None, 'mute_response': True, 'force': False, 'from_play': True, 'probe_data': None, 'no_search': False, 'ephemeral': False}
08/01/2024 15:39:47 | C 931418183192174632 | Command (play) was requested by (lemoniiousthemagnificent) -> [None, False]
08/01/2024 15:39:47 | F 931418183192174632 | play_def -> [None, False, False, False]
08/01/2024 15:39:54 | F 931418183192174632 | play_def -> [None, False, False, True]
08/01/2024 15:39:56 | F 931418183192174632 | volume_command_def -> [100.0, False, True]
08/01/2024 15:40:09 | C 931418183192174632 | Command (skip) was requested by (metro_plex) -> []
08/01/2024 15:40:09 | F 931418183192174632 | skip_def -> []
08/01/2024 15:40:09 | F 931418183192174632 | stop_def -> [True, True]
08/01/2024 15:40:09 | F 931418183192174632 | play_def -> [None, False, False, True]
08/01/2024 15:40:09 | T 931418183192174632 | play_def -> stopped play next loop
08/01/2024 15:40:09 | F 931418183192174632 | play_def -> [None, False, False, False]
08/01/2024 15:40:11 | F 931418183192174632 | volume_command_def -> [100.0, False, True]
08/01/2024 15:42:29 | C 931418183192174632 | Command (play) was requested by (metro_plex) -> ['https://www.youtube.com/watch?v=jADTdg-o8i0', False]
08/01/2024 15:42:29 | F 931418183192174632 | play_def -> ['https://www.youtube.com/watch?v=jADTdg-o8i0', False, False, False]
08/01/2024 15:42:29 | F 931418183192174632 | queue_command_def -> {'ctx': <discord.ext.commands.context.Context object at 0x7f99044423e0>, 'glob': <utils.global_vars.GlobalVars object at 0x7f99054390c0>, 'url': 'https://www.youtube.com/watch?v=jADTdg-o8i0', 'position': None, 'mute_response': True, 'force': False, 'from_play': True, 'probe_data': None, 'no_search': False, 'ephemeral': False}
08/01/2024 15:43:24 | F 931418183192174632 | play_def -> [None, False, False, True]
08/01/2024 15:43:26 | F 931418183192174632 | volume_command_def -> [100.0, False, True]
08/01/2024 15:45:50 | C 931418183192174632 | Command (play) was requested by (metro_plex) -> ['https://www.youtube.com/watch?v=hjWf8A0YNSE', False]
08/01/2024 15:45:50 | F 931418183192174632 | play_def -> ['https://www.youtube.com/watch?v=hjWf8A0YNSE', False, False, False]
08/01/2024 15:45:51 | F 931418183192174632 | queue_command_def -> {'ctx': <discord.ext.commands.context.Context object at 0x7f9904394430>, 'glob': <utils.global_vars.GlobalVars object at 0x7f99054390c0>, 'url': 'https://www.youtube.com/watch?v=hjWf8A0YNSE', 'position': None, 'mute_response': True, 'force': False, 'from_play': True, 'probe_data': None, 'no_search': False, 'ephemeral': False}
08/01/2024 15:45:59 | F 931418183192174632 | play_def -> [None, False, False, True]
08/01/2024 15:46:00 | F 931418183192174632 | volume_command_def -> [100.0, False, True]
08/01/2024 15:49:37 | F 931418183192174632 | play_def -> [None, False, False, True]
08/01/2024 15:50:05 | C 931418183192174632 | Command (play) was requested by (metro_plex) -> ['https://www.youtube.com/watch?v=rfTgO9rpqck', False]
08/01/2024 15:50:05 | F 931418183192174632 | play_def -> ['https://www.youtube.com/watch?v=rfTgO9rpqck', False, False, False]
08/01/2024 15:50:06 | F 931418183192174632 | queue_command_def -> {'ctx': <discord.ext.commands.context.Context object at 0x7f9904466560>, 'glob': <utils.global_vars.GlobalVars object at 0x7f99054390c0>, 'url': 'https://www.youtube.com/watch?v=rfTgO9rpqck', 'position': 0, 'mute_response': True, 'force': True, 'from_play': True, 'probe_data': None, 'no_search': False, 'ephemeral': False}
08/01/2024 15:50:09 | F 931418183192174632 | volume_command_def -> [100.0, False, True]
08/01/2024 15:54:08 | F 931418183192174632 | play_def -> [None, False, False, True]
08/01/2024 15:54:26 | C 931418183192174632 | Command (play) was requested by (metro_plex) -> ['https://www.youtube.com/watch?v=jZyAB2KFDls', False]
08/01/2024 15:54:26 | F 931418183192174632 | play_def -> ['https://www.youtube.com/watch?v=jZyAB2KFDls', False, False, False]
08/01/2024 15:54:27 | F 931418183192174632 | queue_command_def -> {'ctx': <discord.ext.commands.context.Context object at 0x7f9904466350>, 'glob': <utils.global_vars.GlobalVars object at 0x7f99054390c0>, 'url': 'https://www.youtube.com/watch?v=jZyAB2KFDls', 'position': 0, 'mute_response': True, 'force': True, 'from_play': True, 'probe_data': None, 'no_search': False, 'ephemeral': False}
08/01/2024 15:54:29 | F 931418183192174632 | volume_command_def -> [100.0, False, True]
08/01/2024 15:57:30 | C 931418183192174632 | Command (play) was requested by (metro_plex) -> ['https://www.youtube.com/watch?v=caySD0OJJvk', False]
08/01/2024 15:57:30 | F 931418183192174632 | play_def -> ['https://www.youtube.com/watch?v=caySD0OJJvk', False, False, False]
08/01/2024 15:57:31 | F 931418183192174632 | queue_command_def -> {'ctx': <discord.ext.commands.context.Context object at 0x7f9904023a90>, 'glob': <utils.global_vars.GlobalVars object at 0x7f99054390c0>, 'url': 'https://www.youtube.com/watch?v=caySD0OJJvk', 'position': None, 'mute_response': True, 'force': False, 'from_play': True, 'probe_data': None, 'no_search': False, 'ephemeral': False}
08/01/2024 15:58:37 | F 931418183192174632 | play_def -> [None, False, False, True]
08/01/2024 15:58:39 | F 931418183192174632 | volume_command_def -> [100.0, False, True]
08/01/2024 16:01:19 | C 931418183192174632 | Command (play) was requested by (metro_plex) -> ['https://www.youtube.com/watch?v=oGneAab3e88', False]
08/01/2024 16:01:19 | F 931418183192174632 | play_def -> ['https://www.youtube.com/watch?v=oGneAab3e88', False, False, False]
08/01/2024 16:01:19 | F 931418183192174632 | queue_command_def -> {'ctx': <discord.ext.commands.context.Context object at 0x7f9904395090>, 'glob': <utils.global_vars.GlobalVars object at 0x7f99054390c0>, 'url': 'https://www.youtube.com/watch?v=oGneAab3e88', 'position': None, 'mute_response': True, 'force': False, 'from_play': True, 'probe_data': None, 'no_search': False, 'ephemeral': False}
08/01/2024 16:02:00 | C 931418183192174632 | Command (play) was requested by (metro_plex) -> ['https://www.youtube.com/watch?v=Wd2B8OAotU8', False]
08/01/2024 16:02:00 | F 931418183192174632 | play_def -> ['https://www.youtube.com/watch?v=Wd2B8OAotU8', False, False, False]
08/01/2024 16:02:01 | F 931418183192174632 | queue_command_def -> {'ctx': <discord.ext.commands.context.Context object at 0x7f99043968c0>, 'glob': <utils.global_vars.GlobalVars object at 0x7f99054390c0>, 'url': 'https://www.youtube.com/watch?v=Wd2B8OAotU8', 'position': None, 'mute_response': True, 'force': False, 'from_play': True, 'probe_data': None, 'no_search': False, 'ephemeral': False}
08/01/2024 16:03:38 | F 931418183192174632 | play_def -> [None, False, False, True]
08/01/2024 16:03:40 | F 931418183192174632 | volume_command_def -> [100.0, False, True]
08/01/2024 16:03:56 | C 931418183192174632 | Command (help) was requested by (melyse_) -> [None, None, None, None]
08/01/2024 16:07:32 | F 931418183192174632 | play_def -> [None, False, False, True]
08/01/2024 16:07:34 | F 931418183192174632 | volume_command_def -> [100.0, False, True]
08/01/2024 16:10:08 | F 931418183192174632 | play_def -> [None, False, False, True]
08/01/2024 16:10:55 | C 931418183192174632 | Command (play) was requested by (metro_plex) -> ['https://www.youtube.com/watch?v=wzY8Bzz9FS4', False]
08/01/2024 16:10:55 | F 931418183192174632 | play_def -> ['https://www.youtube.com/watch?v=wzY8Bzz9FS4', False, False, False]
08/01/2024 16:10:56 | F 931418183192174632 | queue_command_def -> {'ctx': <discord.ext.commands.context.Context object at 0x7f99043a38e0>, 'glob': <utils.global_vars.GlobalVars object at 0x7f99054390c0>, 'url': 'https://www.youtube.com/watch?v=wzY8Bzz9FS4', 'position': 0, 'mute_response': True, 'force': True, 'from_play': True, 'probe_data': None, 'no_search': False, 'ephemeral': False}
08/01/2024 16:10:57 | F 931418183192174632 | volume_command_def -> [100.0, False, True]
08/01/2024 16:13:30 | F 931418183192174632 | play_def -> [None, False, False, True]
08/01/2024 16:13:56 | C 931418183192174632 | Command (play) was requested by (metro_plex) -> ['https://www.youtube.com/watch?v=qoq8B8ThgEM', False]
08/01/2024 16:13:56 | F 931418183192174632 | play_def -> ['https://www.youtube.com/watch?v=qoq8B8ThgEM', False, False, False]
08/01/2024 16:13:57 | F 931418183192174632 | queue_command_def -> {'ctx': <discord.ext.commands.context.Context object at 0x7f990526e3b0>, 'glob': <utils.global_vars.GlobalVars object at 0x7f99054390c0>, 'url': 'https://www.youtube.com/watch?v=qoq8B8ThgEM', 'position': 0, 'mute_response': True, 'force': True, 'from_play': True, 'probe_data': None, 'no_search': False, 'ephemeral': False}
08/01/2024 16:13:59 | F 931418183192174632 | volume_command_def -> [100.0, False, True]
08/01/2024 16:16:41 | C 931418183192174632 | Command (play) was requested by (metro_plex) -> ['https://www.youtube.com/watch?v=d4_szl5EEww', False]
08/01/2024 16:16:41 | F 931418183192174632 | play_def -> ['https://www.youtube.com/watch?v=d4_szl5EEww', False, False, False]
08/01/2024 16:16:42 | F 931418183192174632 | queue_command_def -> {'ctx': <discord.ext.commands.context.Context object at 0x7f99041eb130>, 'glob': <utils.global_vars.GlobalVars object at 0x7f99054390c0>, 'url': 'https://www.youtube.com/watch?v=d4_szl5EEww', 'position': None, 'mute_response': True, 'force': False, 'from_play': True, 'probe_data': None, 'no_search': False, 'ephemeral': False}
08/01/2024 16:18:40 | F 931418183192174632 | play_def -> [None, False, False, True]
08/01/2024 16:18:42 | F 931418183192174632 | volume_command_def -> [100.0, False, True]
08/01/2024 16:21:05 | C 931418183192174632 | Command (play) was requested by (lemoniiousthemagnificent) -> ['https://www.youtube.com/watch?v=TbjbZFqLEtw', False]
08/01/2024 16:21:05 | F 931418183192174632 | play_def -> ['https://www.youtube.com/watch?v=TbjbZFqLEtw', False, False, False]
08/01/2024 16:21:06 | F 931418183192174632 | queue_command_def -> {'ctx': <discord.ext.commands.context.Context object at 0x7f9904279000>, 'glob': <utils.global_vars.GlobalVars object at 0x7f99054390c0>, 'url': 'https://www.youtube.com/watch?v=TbjbZFqLEtw', 'position': None, 'mute_response': True, 'force': False, 'from_play': True, 'probe_data': None, 'no_search': False, 'ephemeral': False}
08/01/2024 16:21:20 | C 931418183192174632 | Command (play) was requested by (._yoichi_isagi_) -> ['desi boys', False]
08/01/2024 16:21:20 | F 931418183192174632 | play_def -> ['desi boys', False, False, False]
08/01/2024 16:21:20 | F 931418183192174632 | queue_command_def -> {'ctx': <discord.ext.commands.context.Context object at 0x7f99041ecd90>, 'glob': <utils.global_vars.GlobalVars object at 0x7f99054390c0>, 'url': 'desi boys', 'position': None, 'mute_response': True, 'force': False, 'from_play': True, 'probe_data': None, 'no_search': False, 'ephemeral': False}
08/01/2024 16:21:20 | F 931418183192174632 | search_command_def -> ['desi boys', 'short', False, True, False]
08/01/2024 16:21:35 | F 931418183192174632 | play_def -> [None, False, False, False]
08/01/2024 16:21:54 | F 931418183192174632 | play_def -> [None, False, False, True]
08/01/2024 16:21:56 | F 931418183192174632 | volume_command_def -> [100.0, False, True]
08/01/2024 16:23:06 | C 931418183192174632 | Command (skip) was requested by (metro_plex) -> []
08/01/2024 16:23:06 | F 931418183192174632 | skip_def -> []
08/01/2024 16:23:06 | F 931418183192174632 | stop_def -> [True, True]
08/01/2024 16:23:06 | F 931418183192174632 | play_def -> [None, False, False, True]
08/01/2024 16:23:06 | T 931418183192174632 | play_def -> stopped play next loop
08/01/2024 16:23:07 | F 931418183192174632 | play_def -> [None, False, False, False]
08/01/2024 16:23:09 | F 931418183192174632 | volume_command_def -> [100.0, False, True]
08/01/2024 16:25:04 | C 931418183192174632 | Command (play) was requested by (._yoichi_isagi_) -> [None, False]
08/01/2024 16:25:04 | F 931418183192174632 | play_def -> [None, False, False, False]
08/01/2024 16:25:28 | C 931418183192174632 | Command (play) was requested by (._yoichi_isagi_) -> ['dehli se he behenchod', False]
08/01/2024 16:25:28 | F 931418183192174632 | play_def -> ['dehli se he behenchod', False, False, False]
08/01/2024 16:25:29 | F 931418183192174632 | queue_command_def -> {'ctx': <discord.ext.commands.context.Context object at 0x7f9904464bb0>, 'glob': <utils.global_vars.GlobalVars object at 0x7f99054390c0>, 'url': 'dehli se he behenchod', 'position': None, 'mute_response': True, 'force': False, 'from_play': True, 'probe_data': None, 'no_search': False, 'ephemeral': False}
08/01/2024 16:25:29 | F 931418183192174632 | search_command_def -> ['dehli se he behenchod', 'short', False, True, False]
08/01/2024 16:25:36 | F 931418183192174632 | play_def -> [None, False, False, False]
08/01/2024 16:26:17 | C 931418183192174632 | Command (play) was requested by (metro_plex) -> ['https://www.youtube.com/watch?v=zC3UbTf4qrM', False]
08/01/2024 16:26:17 | F 931418183192174632 | play_def -> ['https://www.youtube.com/watch?v=zC3UbTf4qrM', False, False, False]
08/01/2024 16:26:18 | F 931418183192174632 | queue_command_def -> {'ctx': <discord.ext.commands.context.Context object at 0x7f990426ec50>, 'glob': <utils.global_vars.GlobalVars object at 0x7f99054390c0>, 'url': 'https://www.youtube.com/watch?v=zC3UbTf4qrM', 'position': None, 'mute_response': True, 'force': False, 'from_play': True, 'probe_data': None, 'no_search': False, 'ephemeral': False}
08/01/2024 16:27:15 | F 931418183192174632 | play_def -> [None, False, False, True]
08/01/2024 16:27:17 | F 931418183192174632 | volume_command_def -> [100.0, False, True]
08/01/2024 16:29:42 | C 931418183192174632 | Command (play) was requested by (._yoichi_isagi_) -> ['teri chu chu churiyo ki khankan se', False]
08/01/2024 16:29:42 | F 931418183192174632 | play_def -> ['teri chu chu churiyo ki khankan se', False, False, False]
08/01/2024 16:29:43 | F 931418183192174632 | queue_command_def -> {'ctx': <discord.ext.commands.context.Context object at 0x7f99042326e0>, 'glob': <utils.global_vars.GlobalVars object at 0x7f99054390c0>, 'url': 'teri chu chu churiyo ki khankan se', 'position': None, 'mute_response': True, 'force': False, 'from_play': True, 'probe_data': None, 'no_search': False, 'ephemeral': False}
08/01/2024 16:29:43 | F 931418183192174632 | search_command_def -> ['teri chu chu churiyo ki khankan se', 'short', False, True, False]
08/01/2024 16:29:49 | F 931418183192174632 | play_def -> [None, False, False, False]
08/01/2024 16:29:54 | F 931418183192174632 | play_def -> [None, False, False, True]
08/01/2024 16:29:55 | F 931418183192174632 | volume_command_def -> [100.0, False, True]
08/01/2024 16:32:59 | C 931418183192174632 | Command (play) was requested by (._yoichi_isagi_) -> ['character dheela hai', False]
08/01/2024 16:32:59 | F 931418183192174632 | play_def -> ['character dheela hai', False, False, False]
08/01/2024 16:33:00 | F 931418183192174632 | queue_command_def -> {'ctx': <discord.ext.commands.context.Context object at 0x7f990426e410>, 'glob': <utils.global_vars.GlobalVars object at 0x7f99054390c0>, 'url': 'character dheela hai', 'position': None, 'mute_response': True, 'force': False, 'from_play': True, 'probe_data': None, 'no_search': False, 'ephemeral': False}
08/01/2024 16:33:00 | F 931418183192174632 | search_command_def -> ['character dheela hai', 'short', False, True, False]
08/01/2024 16:33:07 | F 931418183192174632 | play_def -> [None, False, False, False]
08/01/2024 16:33:21 | F 931418183192174632 | play_def -> [None, False, False, True]
08/01/2024 16:33:22 | F 931418183192174632 | volume_command_def -> [100.0, False, True]
08/01/2024 16:34:17 | C 931418183192174632 | Command (play) was requested by (._yoichi_isagi_) -> ['bhaag dk bose', False]
08/01/2024 16:34:17 | F 931418183192174632 | play_def -> ['bhaag dk bose', False, False, False]
08/01/2024 16:34:18 | F 931418183192174632 | queue_command_def -> {'ctx': <discord.ext.commands.context.Context object at 0x7f990421dff0>, 'glob': <utils.global_vars.GlobalVars object at 0x7f99054390c0>, 'url': 'bhaag dk bose', 'position': None, 'mute_response': True, 'force': False, 'from_play': True, 'probe_data': None, 'no_search': False, 'ephemeral': False}
08/01/2024 16:34:18 | F 931418183192174632 | search_command_def -> ['bhaag dk bose', 'short', False, True, False]
08/01/2024 16:34:27 | F 931418183192174632 | play_def -> [None, False, False, False]
08/01/2024 16:36:14 | F 931418183192174632 | play_def -> [None, False, False, True]
08/01/2024 16:36:16 | F 931418183192174632 | volume_command_def -> [100.0, False, True]
08/01/2024 16:36:22 | C 931418183192174632 | Command (play) was requested by (._yoichi_isagi_) -> ['chacha hai', False]
08/01/2024 16:36:22 | F 931418183192174632 | play_def -> ['chacha hai', False, False, False]
08/01/2024 16:36:22 | F 931418183192174632 | queue_command_def -> {'ctx': <discord.ext.commands.context.Context object at 0x7f99042a2a70>, 'glob': <utils.global_vars.GlobalVars object at 0x7f99054390c0>, 'url': 'chacha hai', 'position': None, 'mute_response': True, 'force': False, 'from_play': True, 'probe_data': None, 'no_search': False, 'ephemeral': False}
08/01/2024 16:36:22 | F 931418183192174632 | search_command_def -> ['chacha hai', 'short', False, True, False]
08/01/2024 16:36:49 | F 931418183192174632 | play_def -> [None, False, False, False]
08/01/2024 16:36:59 | C 931418183192174632 | Command (play) was requested by (lemoniiousthemagnificent) -> ['https://www.youtube.com/watch?v=b4b1cMVZOUU', False]
08/01/2024 16:36:59 | F 931418183192174632 | play_def -> ['https://www.youtube.com/watch?v=b4b1cMVZOUU', False, False, False]
08/01/2024 16:37:00 | F 931418183192174632 | queue_command_def -> {'ctx': <discord.ext.commands.context.Context object at 0x7f9904279d80>, 'glob': <utils.global_vars.GlobalVars object at 0x7f99054390c0>, 'url': 'https://www.youtube.com/watch?v=b4b1cMVZOUU', 'position': None, 'mute_response': True, 'force': False, 'from_play': True, 'probe_data': None, 'no_search': False, 'ephemeral': False}
08/01/2024 16:37:53 | C 931418183192174632 | Command (skip) was requested by (metro_plex) -> []
08/01/2024 16:37:53 | F 931418183192174632 | skip_def -> []
08/01/2024 16:37:53 | F 931418183192174632 | stop_def -> [True, True]
08/01/2024 16:37:53 | F 931418183192174632 | play_def -> [None, False, False, True]
08/01/2024 16:37:53 | T 931418183192174632 | play_def -> stopped play next loop
08/01/2024 16:37:54 | F 931418183192174632 | play_def -> [None, False, False, False]
08/01/2024 16:37:56 | F 931418183192174632 | volume_command_def -> [100.0, False, True]
08/01/2024 16:38:03 | C 931418183192174632 | Command (skip) was requested by (._yoichi_isagi_) -> []
08/01/2024 16:38:03 | F 931418183192174632 | skip_def -> []
08/01/2024 16:38:03 | F 931418183192174632 | stop_def -> [True, True]
08/01/2024 16:38:04 | F 931418183192174632 | play_def -> [None, False, False, True]
08/01/2024 16:38:04 | T 931418183192174632 | play_def -> stopped play next loop
08/01/2024 16:38:04 | F 931418183192174632 | play_def -> [None, False, False, False]
08/01/2024 16:38:06 | F 931418183192174632 | volume_command_def -> [100.0, False, True]
08/01/2024 16:40:12 | C 931418183192174632 | Command (pause) was requested by (metro_plex) -> []
08/01/2024 16:40:12 | F 931418183192174632 | pause_def -> [False]
08/01/2024 16:41:48 | F 931418183192174632 | play_def -> [None, False, False, True]
08/01/2024 16:41:48 | T 931418183192174632 | -->> Disconnecting when last person left -> Queue Cleared <<--
08/01/2024 16:41:48 | T 931418183192174632 | -->> Cleared Queue after bot Disconnected <<--
08/01/2024 16:41:49 | T 931418183192174632 | ------------------------------- play -------------------------
08/01/2024 16:41:49 | T 931418183192174632 | Traceback (most recent call last):
  File "/workspaces/nicholas_the_7th/commands/player.py", line 147, in play_def
    voice.play(source, after=lambda e: asyncio.run_coroutine_threadsafe(play_def(ctx, glob, after=True), glob.bot.loop))
  File "/home/codespace/.local/lib/python3.10/site-packages/discord/voice_client.py", line 605, in play
    raise ClientException('Not connected to voice.')
discord.errors.ClientException: Not connected to voice.

08/01/2024 16:41:49 | T 931418183192174632 | --------------------------------------------------------------
